Created by PLY version 3.11 (http://www.dabeaz.com/ply)

Grammar

Rule 0     S' -> init_exp
Rule 1     init_exp -> PROTOCOL NULL connect_exp
Rule 2     init_exp -> PROTOCOL NULL connect_exp NULL param_exp
Rule 3     connect_exp -> address_exp
Rule 4     connect_exp -> address_exp NULL sp_number_block_exp
Rule 5     address_exp -> ipv4_exp
Rule 6     address_exp -> domain_exp
Rule 7     domain_exp -> DOT SN
Rule 8     domain_exp -> SN DOT SN
Rule 9     domain_exp -> DOT SN domain_exp
Rule 10    domain_exp -> SN DOT SN domain_exp
Rule 11    ipv4_exp -> sp_number_block_exp DOT sp_number_block_exp DOT sp_number_block_exp DOT sp_number_block_exp
Rule 12    sp_number_block_exp -> number_block_exp
Rule 13    sp_number_block_exp -> NOT number_block_exp
Rule 14    sp_number_block_exp -> number_block_exp NOT number_block_exp
Rule 15    number_block_exp -> number_exp
Rule 16    number_block_exp -> number_exp COMMA number_exp
Rule 17    number_block_exp -> number_exp COMMA number_block_exp
Rule 18    number_exp -> NUMBER
Rule 19    number_exp -> NUMBER MOD NUMBER
Rule 20    number_exp -> NUMBER RANGE NUMBER
Rule 21    number_exp -> NUMBER RANGE NUMBER MOD NUMBER
Rule 22    param_exp -> INNER EQ SN
Rule 23    param_exp -> INNER EQ ipv4_exp
Rule 24    param_exp -> INNER EQ number_block_exp
Rule 25    param_exp -> INNER EQ SN param_exp
Rule 26    param_exp -> INNER EQ ipv4_exp param_exp
Rule 27    param_exp -> INNER EQ number_block_exp param_exp

Terminals, with rules where they appear

COMMA                : 16 17
DOT                  : 7 8 9 10 11 11 11
EQ                   : 22 23 24 25 26 27
INNER                : 22 23 24 25 26 27
MOD                  : 19 21
NOT                  : 13 14
NULL                 : 1 2 2 4
NUMBER               : 18 19 19 20 20 21 21 21
PROTOCOL             : 1 2
RANGE                : 20 21
SN                   : 7 8 8 9 10 10 22 25
error                : 

Nonterminals, with rules where they appear

address_exp          : 3 4
connect_exp          : 1 2
domain_exp           : 6 9 10
init_exp             : 0
ipv4_exp             : 5 23 26
number_block_exp     : 12 13 14 14 17 24 27
number_exp           : 15 16 16 17
param_exp            : 2 25 26 27
sp_number_block_exp  : 4 11 11 11 11

Parsing method: LALR

state 0

    (0) S' -> . init_exp
    (1) init_exp -> . PROTOCOL NULL connect_exp
    (2) init_exp -> . PROTOCOL NULL connect_exp NULL param_exp

    PROTOCOL        shift and go to state 2

    init_exp                       shift and go to state 1

state 1

    (0) S' -> init_exp .



state 2

    (1) init_exp -> PROTOCOL . NULL connect_exp
    (2) init_exp -> PROTOCOL . NULL connect_exp NULL param_exp

    NULL            shift and go to state 3


state 3

    (1) init_exp -> PROTOCOL NULL . connect_exp
    (2) init_exp -> PROTOCOL NULL . connect_exp NULL param_exp
    (3) connect_exp -> . address_exp
    (4) connect_exp -> . address_exp NULL sp_number_block_exp
    (5) address_exp -> . ipv4_exp
    (6) address_exp -> . domain_exp
    (11) ipv4_exp -> . sp_number_block_exp DOT sp_number_block_exp DOT sp_number_block_exp DOT sp_number_block_exp
    (7) domain_exp -> . DOT SN
    (8) domain_exp -> . SN DOT SN
    (9) domain_exp -> . DOT SN domain_exp
    (10) domain_exp -> . SN DOT SN domain_exp
    (12) sp_number_block_exp -> . number_block_exp
    (13) sp_number_block_exp -> . NOT number_block_exp
    (14) sp_number_block_exp -> . number_block_exp NOT number_block_exp
    (15) number_block_exp -> . number_exp
    (16) number_block_exp -> . number_exp COMMA number_exp
    (17) number_block_exp -> . number_exp COMMA number_block_exp
    (18) number_exp -> . NUMBER
    (19) number_exp -> . NUMBER MOD NUMBER
    (20) number_exp -> . NUMBER RANGE NUMBER
    (21) number_exp -> . NUMBER RANGE NUMBER MOD NUMBER

    DOT             shift and go to state 9
    SN              shift and go to state 10
    NOT             shift and go to state 12
    NUMBER          shift and go to state 14

    connect_exp                    shift and go to state 4
    address_exp                    shift and go to state 5
    sp_number_block_exp            shift and go to state 6
    ipv4_exp                       shift and go to state 7
    domain_exp                     shift and go to state 8
    number_block_exp               shift and go to state 11
    number_exp                     shift and go to state 13

state 4

    (1) init_exp -> PROTOCOL NULL connect_exp .
    (2) init_exp -> PROTOCOL NULL connect_exp . NULL param_exp

    $end            reduce using rule 1 (init_exp -> PROTOCOL NULL connect_exp .)
    NULL            shift and go to state 15


state 5

    (3) connect_exp -> address_exp .
    (4) connect_exp -> address_exp . NULL sp_number_block_exp

  ! shift/reduce conflict for NULL resolved as shift
    $end            reduce using rule 3 (connect_exp -> address_exp .)
    NULL            shift and go to state 16

  ! NULL            [ reduce using rule 3 (connect_exp -> address_exp .) ]


state 6

    (11) ipv4_exp -> sp_number_block_exp . DOT sp_number_block_exp DOT sp_number_block_exp DOT sp_number_block_exp

    DOT             shift and go to state 17


state 7

    (5) address_exp -> ipv4_exp .

    NULL            reduce using rule 5 (address_exp -> ipv4_exp .)
    $end            reduce using rule 5 (address_exp -> ipv4_exp .)


state 8

    (6) address_exp -> domain_exp .

    NULL            reduce using rule 6 (address_exp -> domain_exp .)
    $end            reduce using rule 6 (address_exp -> domain_exp .)


state 9

    (7) domain_exp -> DOT . SN
    (9) domain_exp -> DOT . SN domain_exp

    SN              shift and go to state 18


state 10

    (8) domain_exp -> SN . DOT SN
    (10) domain_exp -> SN . DOT SN domain_exp

    DOT             shift and go to state 19


state 11

    (12) sp_number_block_exp -> number_block_exp .
    (14) sp_number_block_exp -> number_block_exp . NOT number_block_exp

    DOT             reduce using rule 12 (sp_number_block_exp -> number_block_exp .)
    NULL            reduce using rule 12 (sp_number_block_exp -> number_block_exp .)
    $end            reduce using rule 12 (sp_number_block_exp -> number_block_exp .)
    INNER           reduce using rule 12 (sp_number_block_exp -> number_block_exp .)
    NOT             shift and go to state 20


state 12

    (13) sp_number_block_exp -> NOT . number_block_exp
    (15) number_block_exp -> . number_exp
    (16) number_block_exp -> . number_exp COMMA number_exp
    (17) number_block_exp -> . number_exp COMMA number_block_exp
    (18) number_exp -> . NUMBER
    (19) number_exp -> . NUMBER MOD NUMBER
    (20) number_exp -> . NUMBER RANGE NUMBER
    (21) number_exp -> . NUMBER RANGE NUMBER MOD NUMBER

    NUMBER          shift and go to state 14

    number_block_exp               shift and go to state 21
    number_exp                     shift and go to state 13

state 13

    (15) number_block_exp -> number_exp .
    (16) number_block_exp -> number_exp . COMMA number_exp
    (17) number_block_exp -> number_exp . COMMA number_block_exp

    NOT             reduce using rule 15 (number_block_exp -> number_exp .)
    DOT             reduce using rule 15 (number_block_exp -> number_exp .)
    NULL            reduce using rule 15 (number_block_exp -> number_exp .)
    $end            reduce using rule 15 (number_block_exp -> number_exp .)
    INNER           reduce using rule 15 (number_block_exp -> number_exp .)
    COMMA           shift and go to state 22


state 14

    (18) number_exp -> NUMBER .
    (19) number_exp -> NUMBER . MOD NUMBER
    (20) number_exp -> NUMBER . RANGE NUMBER
    (21) number_exp -> NUMBER . RANGE NUMBER MOD NUMBER

    COMMA           reduce using rule 18 (number_exp -> NUMBER .)
    NOT             reduce using rule 18 (number_exp -> NUMBER .)
    DOT             reduce using rule 18 (number_exp -> NUMBER .)
    NULL            reduce using rule 18 (number_exp -> NUMBER .)
    $end            reduce using rule 18 (number_exp -> NUMBER .)
    INNER           reduce using rule 18 (number_exp -> NUMBER .)
    MOD             shift and go to state 23
    RANGE           shift and go to state 24


state 15

    (2) init_exp -> PROTOCOL NULL connect_exp NULL . param_exp
    (22) param_exp -> . INNER EQ SN
    (23) param_exp -> . INNER EQ ipv4_exp
    (24) param_exp -> . INNER EQ number_block_exp
    (25) param_exp -> . INNER EQ SN param_exp
    (26) param_exp -> . INNER EQ ipv4_exp param_exp
    (27) param_exp -> . INNER EQ number_block_exp param_exp

    INNER           shift and go to state 26

    param_exp                      shift and go to state 25

state 16

    (4) connect_exp -> address_exp NULL . sp_number_block_exp
    (12) sp_number_block_exp -> . number_block_exp
    (13) sp_number_block_exp -> . NOT number_block_exp
    (14) sp_number_block_exp -> . number_block_exp NOT number_block_exp
    (15) number_block_exp -> . number_exp
    (16) number_block_exp -> . number_exp COMMA number_exp
    (17) number_block_exp -> . number_exp COMMA number_block_exp
    (18) number_exp -> . NUMBER
    (19) number_exp -> . NUMBER MOD NUMBER
    (20) number_exp -> . NUMBER RANGE NUMBER
    (21) number_exp -> . NUMBER RANGE NUMBER MOD NUMBER

    NOT             shift and go to state 12
    NUMBER          shift and go to state 14

    sp_number_block_exp            shift and go to state 27
    number_block_exp               shift and go to state 11
    number_exp                     shift and go to state 13

state 17

    (11) ipv4_exp -> sp_number_block_exp DOT . sp_number_block_exp DOT sp_number_block_exp DOT sp_number_block_exp
    (12) sp_number_block_exp -> . number_block_exp
    (13) sp_number_block_exp -> . NOT number_block_exp
    (14) sp_number_block_exp -> . number_block_exp NOT number_block_exp
    (15) number_block_exp -> . number_exp
    (16) number_block_exp -> . number_exp COMMA number_exp
    (17) number_block_exp -> . number_exp COMMA number_block_exp
    (18) number_exp -> . NUMBER
    (19) number_exp -> . NUMBER MOD NUMBER
    (20) number_exp -> . NUMBER RANGE NUMBER
    (21) number_exp -> . NUMBER RANGE NUMBER MOD NUMBER

    NOT             shift and go to state 12
    NUMBER          shift and go to state 14

    sp_number_block_exp            shift and go to state 28
    number_block_exp               shift and go to state 11
    number_exp                     shift and go to state 13

state 18

    (7) domain_exp -> DOT SN .
    (9) domain_exp -> DOT SN . domain_exp
    (7) domain_exp -> . DOT SN
    (8) domain_exp -> . SN DOT SN
    (9) domain_exp -> . DOT SN domain_exp
    (10) domain_exp -> . SN DOT SN domain_exp

    NULL            reduce using rule 7 (domain_exp -> DOT SN .)
    $end            reduce using rule 7 (domain_exp -> DOT SN .)
    DOT             shift and go to state 9
    SN              shift and go to state 10

    domain_exp                     shift and go to state 29

state 19

    (8) domain_exp -> SN DOT . SN
    (10) domain_exp -> SN DOT . SN domain_exp

    SN              shift and go to state 30


state 20

    (14) sp_number_block_exp -> number_block_exp NOT . number_block_exp
    (15) number_block_exp -> . number_exp
    (16) number_block_exp -> . number_exp COMMA number_exp
    (17) number_block_exp -> . number_exp COMMA number_block_exp
    (18) number_exp -> . NUMBER
    (19) number_exp -> . NUMBER MOD NUMBER
    (20) number_exp -> . NUMBER RANGE NUMBER
    (21) number_exp -> . NUMBER RANGE NUMBER MOD NUMBER

    NUMBER          shift and go to state 14

    number_block_exp               shift and go to state 31
    number_exp                     shift and go to state 13

state 21

    (13) sp_number_block_exp -> NOT number_block_exp .

    DOT             reduce using rule 13 (sp_number_block_exp -> NOT number_block_exp .)
    NULL            reduce using rule 13 (sp_number_block_exp -> NOT number_block_exp .)
    $end            reduce using rule 13 (sp_number_block_exp -> NOT number_block_exp .)
    INNER           reduce using rule 13 (sp_number_block_exp -> NOT number_block_exp .)


state 22

    (16) number_block_exp -> number_exp COMMA . number_exp
    (17) number_block_exp -> number_exp COMMA . number_block_exp
    (18) number_exp -> . NUMBER
    (19) number_exp -> . NUMBER MOD NUMBER
    (20) number_exp -> . NUMBER RANGE NUMBER
    (21) number_exp -> . NUMBER RANGE NUMBER MOD NUMBER
    (15) number_block_exp -> . number_exp
    (16) number_block_exp -> . number_exp COMMA number_exp
    (17) number_block_exp -> . number_exp COMMA number_block_exp

    NUMBER          shift and go to state 14

    number_exp                     shift and go to state 32
    number_block_exp               shift and go to state 33

state 23

    (19) number_exp -> NUMBER MOD . NUMBER

    NUMBER          shift and go to state 34


state 24

    (20) number_exp -> NUMBER RANGE . NUMBER
    (21) number_exp -> NUMBER RANGE . NUMBER MOD NUMBER

    NUMBER          shift and go to state 35


state 25

    (2) init_exp -> PROTOCOL NULL connect_exp NULL param_exp .

    $end            reduce using rule 2 (init_exp -> PROTOCOL NULL connect_exp NULL param_exp .)


state 26

    (22) param_exp -> INNER . EQ SN
    (23) param_exp -> INNER . EQ ipv4_exp
    (24) param_exp -> INNER . EQ number_block_exp
    (25) param_exp -> INNER . EQ SN param_exp
    (26) param_exp -> INNER . EQ ipv4_exp param_exp
    (27) param_exp -> INNER . EQ number_block_exp param_exp

    EQ              shift and go to state 36


state 27

    (4) connect_exp -> address_exp NULL sp_number_block_exp .

    NULL            reduce using rule 4 (connect_exp -> address_exp NULL sp_number_block_exp .)
    $end            reduce using rule 4 (connect_exp -> address_exp NULL sp_number_block_exp .)


state 28

    (11) ipv4_exp -> sp_number_block_exp DOT sp_number_block_exp . DOT sp_number_block_exp DOT sp_number_block_exp

    DOT             shift and go to state 37


state 29

    (9) domain_exp -> DOT SN domain_exp .

    NULL            reduce using rule 9 (domain_exp -> DOT SN domain_exp .)
    $end            reduce using rule 9 (domain_exp -> DOT SN domain_exp .)


state 30

    (8) domain_exp -> SN DOT SN .
    (10) domain_exp -> SN DOT SN . domain_exp
    (7) domain_exp -> . DOT SN
    (8) domain_exp -> . SN DOT SN
    (9) domain_exp -> . DOT SN domain_exp
    (10) domain_exp -> . SN DOT SN domain_exp

    NULL            reduce using rule 8 (domain_exp -> SN DOT SN .)
    $end            reduce using rule 8 (domain_exp -> SN DOT SN .)
    DOT             shift and go to state 9
    SN              shift and go to state 10

    domain_exp                     shift and go to state 38

state 31

    (14) sp_number_block_exp -> number_block_exp NOT number_block_exp .

    DOT             reduce using rule 14 (sp_number_block_exp -> number_block_exp NOT number_block_exp .)
    NULL            reduce using rule 14 (sp_number_block_exp -> number_block_exp NOT number_block_exp .)
    $end            reduce using rule 14 (sp_number_block_exp -> number_block_exp NOT number_block_exp .)
    INNER           reduce using rule 14 (sp_number_block_exp -> number_block_exp NOT number_block_exp .)


state 32

    (16) number_block_exp -> number_exp COMMA number_exp .
    (15) number_block_exp -> number_exp .
    (16) number_block_exp -> number_exp . COMMA number_exp
    (17) number_block_exp -> number_exp . COMMA number_block_exp

  ! reduce/reduce conflict for NOT resolved using rule 15 (number_block_exp -> number_exp .)
  ! reduce/reduce conflict for DOT resolved using rule 15 (number_block_exp -> number_exp .)
  ! reduce/reduce conflict for NULL resolved using rule 15 (number_block_exp -> number_exp .)
  ! reduce/reduce conflict for $end resolved using rule 15 (number_block_exp -> number_exp .)
  ! reduce/reduce conflict for INNER resolved using rule 15 (number_block_exp -> number_exp .)
    NOT             reduce using rule 15 (number_block_exp -> number_exp .)
    DOT             reduce using rule 15 (number_block_exp -> number_exp .)
    NULL            reduce using rule 15 (number_block_exp -> number_exp .)
    $end            reduce using rule 15 (number_block_exp -> number_exp .)
    INNER           reduce using rule 15 (number_block_exp -> number_exp .)
    COMMA           shift and go to state 22

  ! NOT             [ reduce using rule 16 (number_block_exp -> number_exp COMMA number_exp .) ]
  ! DOT             [ reduce using rule 16 (number_block_exp -> number_exp COMMA number_exp .) ]
  ! NULL            [ reduce using rule 16 (number_block_exp -> number_exp COMMA number_exp .) ]
  ! $end            [ reduce using rule 16 (number_block_exp -> number_exp COMMA number_exp .) ]
  ! INNER           [ reduce using rule 16 (number_block_exp -> number_exp COMMA number_exp .) ]


state 33

    (17) number_block_exp -> number_exp COMMA number_block_exp .

    NOT             reduce using rule 17 (number_block_exp -> number_exp COMMA number_block_exp .)
    DOT             reduce using rule 17 (number_block_exp -> number_exp COMMA number_block_exp .)
    NULL            reduce using rule 17 (number_block_exp -> number_exp COMMA number_block_exp .)
    $end            reduce using rule 17 (number_block_exp -> number_exp COMMA number_block_exp .)
    INNER           reduce using rule 17 (number_block_exp -> number_exp COMMA number_block_exp .)


state 34

    (19) number_exp -> NUMBER MOD NUMBER .

    COMMA           reduce using rule 19 (number_exp -> NUMBER MOD NUMBER .)
    NOT             reduce using rule 19 (number_exp -> NUMBER MOD NUMBER .)
    DOT             reduce using rule 19 (number_exp -> NUMBER MOD NUMBER .)
    NULL            reduce using rule 19 (number_exp -> NUMBER MOD NUMBER .)
    $end            reduce using rule 19 (number_exp -> NUMBER MOD NUMBER .)
    INNER           reduce using rule 19 (number_exp -> NUMBER MOD NUMBER .)


state 35

    (20) number_exp -> NUMBER RANGE NUMBER .
    (21) number_exp -> NUMBER RANGE NUMBER . MOD NUMBER

    COMMA           reduce using rule 20 (number_exp -> NUMBER RANGE NUMBER .)
    NOT             reduce using rule 20 (number_exp -> NUMBER RANGE NUMBER .)
    DOT             reduce using rule 20 (number_exp -> NUMBER RANGE NUMBER .)
    NULL            reduce using rule 20 (number_exp -> NUMBER RANGE NUMBER .)
    $end            reduce using rule 20 (number_exp -> NUMBER RANGE NUMBER .)
    INNER           reduce using rule 20 (number_exp -> NUMBER RANGE NUMBER .)
    MOD             shift and go to state 39


state 36

    (22) param_exp -> INNER EQ . SN
    (23) param_exp -> INNER EQ . ipv4_exp
    (24) param_exp -> INNER EQ . number_block_exp
    (25) param_exp -> INNER EQ . SN param_exp
    (26) param_exp -> INNER EQ . ipv4_exp param_exp
    (27) param_exp -> INNER EQ . number_block_exp param_exp
    (11) ipv4_exp -> . sp_number_block_exp DOT sp_number_block_exp DOT sp_number_block_exp DOT sp_number_block_exp
    (15) number_block_exp -> . number_exp
    (16) number_block_exp -> . number_exp COMMA number_exp
    (17) number_block_exp -> . number_exp COMMA number_block_exp
    (12) sp_number_block_exp -> . number_block_exp
    (13) sp_number_block_exp -> . NOT number_block_exp
    (14) sp_number_block_exp -> . number_block_exp NOT number_block_exp
    (18) number_exp -> . NUMBER
    (19) number_exp -> . NUMBER MOD NUMBER
    (20) number_exp -> . NUMBER RANGE NUMBER
    (21) number_exp -> . NUMBER RANGE NUMBER MOD NUMBER

    SN              shift and go to state 40
    NOT             shift and go to state 12
    NUMBER          shift and go to state 14

    ipv4_exp                       shift and go to state 41
    number_block_exp               shift and go to state 42
    sp_number_block_exp            shift and go to state 6
    number_exp                     shift and go to state 13

state 37

    (11) ipv4_exp -> sp_number_block_exp DOT sp_number_block_exp DOT . sp_number_block_exp DOT sp_number_block_exp
    (12) sp_number_block_exp -> . number_block_exp
    (13) sp_number_block_exp -> . NOT number_block_exp
    (14) sp_number_block_exp -> . number_block_exp NOT number_block_exp
    (15) number_block_exp -> . number_exp
    (16) number_block_exp -> . number_exp COMMA number_exp
    (17) number_block_exp -> . number_exp COMMA number_block_exp
    (18) number_exp -> . NUMBER
    (19) number_exp -> . NUMBER MOD NUMBER
    (20) number_exp -> . NUMBER RANGE NUMBER
    (21) number_exp -> . NUMBER RANGE NUMBER MOD NUMBER

    NOT             shift and go to state 12
    NUMBER          shift and go to state 14

    sp_number_block_exp            shift and go to state 43
    number_block_exp               shift and go to state 11
    number_exp                     shift and go to state 13

state 38

    (10) domain_exp -> SN DOT SN domain_exp .

    NULL            reduce using rule 10 (domain_exp -> SN DOT SN domain_exp .)
    $end            reduce using rule 10 (domain_exp -> SN DOT SN domain_exp .)


state 39

    (21) number_exp -> NUMBER RANGE NUMBER MOD . NUMBER

    NUMBER          shift and go to state 44


state 40

    (22) param_exp -> INNER EQ SN .
    (25) param_exp -> INNER EQ SN . param_exp
    (22) param_exp -> . INNER EQ SN
    (23) param_exp -> . INNER EQ ipv4_exp
    (24) param_exp -> . INNER EQ number_block_exp
    (25) param_exp -> . INNER EQ SN param_exp
    (26) param_exp -> . INNER EQ ipv4_exp param_exp
    (27) param_exp -> . INNER EQ number_block_exp param_exp

    $end            reduce using rule 22 (param_exp -> INNER EQ SN .)
    INNER           shift and go to state 26

    param_exp                      shift and go to state 45

state 41

    (23) param_exp -> INNER EQ ipv4_exp .
    (26) param_exp -> INNER EQ ipv4_exp . param_exp
    (22) param_exp -> . INNER EQ SN
    (23) param_exp -> . INNER EQ ipv4_exp
    (24) param_exp -> . INNER EQ number_block_exp
    (25) param_exp -> . INNER EQ SN param_exp
    (26) param_exp -> . INNER EQ ipv4_exp param_exp
    (27) param_exp -> . INNER EQ number_block_exp param_exp

    $end            reduce using rule 23 (param_exp -> INNER EQ ipv4_exp .)
    INNER           shift and go to state 26

    param_exp                      shift and go to state 46

state 42

    (24) param_exp -> INNER EQ number_block_exp .
    (27) param_exp -> INNER EQ number_block_exp . param_exp
    (12) sp_number_block_exp -> number_block_exp .
    (14) sp_number_block_exp -> number_block_exp . NOT number_block_exp
    (22) param_exp -> . INNER EQ SN
    (23) param_exp -> . INNER EQ ipv4_exp
    (24) param_exp -> . INNER EQ number_block_exp
    (25) param_exp -> . INNER EQ SN param_exp
    (26) param_exp -> . INNER EQ ipv4_exp param_exp
    (27) param_exp -> . INNER EQ number_block_exp param_exp

    $end            reduce using rule 24 (param_exp -> INNER EQ number_block_exp .)
    DOT             reduce using rule 12 (sp_number_block_exp -> number_block_exp .)
    NOT             shift and go to state 20
    INNER           shift and go to state 26

    param_exp                      shift and go to state 47

state 43

    (11) ipv4_exp -> sp_number_block_exp DOT sp_number_block_exp DOT sp_number_block_exp . DOT sp_number_block_exp

    DOT             shift and go to state 48


state 44

    (21) number_exp -> NUMBER RANGE NUMBER MOD NUMBER .

    COMMA           reduce using rule 21 (number_exp -> NUMBER RANGE NUMBER MOD NUMBER .)
    NOT             reduce using rule 21 (number_exp -> NUMBER RANGE NUMBER MOD NUMBER .)
    DOT             reduce using rule 21 (number_exp -> NUMBER RANGE NUMBER MOD NUMBER .)
    NULL            reduce using rule 21 (number_exp -> NUMBER RANGE NUMBER MOD NUMBER .)
    $end            reduce using rule 21 (number_exp -> NUMBER RANGE NUMBER MOD NUMBER .)
    INNER           reduce using rule 21 (number_exp -> NUMBER RANGE NUMBER MOD NUMBER .)


state 45

    (25) param_exp -> INNER EQ SN param_exp .

    $end            reduce using rule 25 (param_exp -> INNER EQ SN param_exp .)


state 46

    (26) param_exp -> INNER EQ ipv4_exp param_exp .

    $end            reduce using rule 26 (param_exp -> INNER EQ ipv4_exp param_exp .)


state 47

    (27) param_exp -> INNER EQ number_block_exp param_exp .

    $end            reduce using rule 27 (param_exp -> INNER EQ number_block_exp param_exp .)


state 48

    (11) ipv4_exp -> sp_number_block_exp DOT sp_number_block_exp DOT sp_number_block_exp DOT . sp_number_block_exp
    (12) sp_number_block_exp -> . number_block_exp
    (13) sp_number_block_exp -> . NOT number_block_exp
    (14) sp_number_block_exp -> . number_block_exp NOT number_block_exp
    (15) number_block_exp -> . number_exp
    (16) number_block_exp -> . number_exp COMMA number_exp
    (17) number_block_exp -> . number_exp COMMA number_block_exp
    (18) number_exp -> . NUMBER
    (19) number_exp -> . NUMBER MOD NUMBER
    (20) number_exp -> . NUMBER RANGE NUMBER
    (21) number_exp -> . NUMBER RANGE NUMBER MOD NUMBER

    NOT             shift and go to state 12
    NUMBER          shift and go to state 14

    sp_number_block_exp            shift and go to state 49
    number_block_exp               shift and go to state 11
    number_exp                     shift and go to state 13

state 49

    (11) ipv4_exp -> sp_number_block_exp DOT sp_number_block_exp DOT sp_number_block_exp DOT sp_number_block_exp .

    NULL            reduce using rule 11 (ipv4_exp -> sp_number_block_exp DOT sp_number_block_exp DOT sp_number_block_exp DOT sp_number_block_exp .)
    $end            reduce using rule 11 (ipv4_exp -> sp_number_block_exp DOT sp_number_block_exp DOT sp_number_block_exp DOT sp_number_block_exp .)
    INNER           reduce using rule 11 (ipv4_exp -> sp_number_block_exp DOT sp_number_block_exp DOT sp_number_block_exp DOT sp_number_block_exp .)

WARNING: 
WARNING: Conflicts:
WARNING: 
WARNING: shift/reduce conflict for NULL in state 5 resolved as shift
WARNING: reduce/reduce conflict in state 32 resolved using rule (number_block_exp -> number_exp)
WARNING: rejected rule (number_block_exp -> number_exp COMMA number_exp) in state 32
WARNING: Rule (number_block_exp -> number_exp COMMA number_exp) is never reduced
